[debug] [2023-08-28T09:23:42.850Z] ----------------------------------------------------------------------
[debug] [2023-08-28T09:23:42.853Z] Command:       F:\nodejs\node.exe C:\Users\Darshan\AppData\Roaming\npm\node_modules\firebase-tools\lib\bin\firebase.js init hosting
[debug] [2023-08-28T09:23:42.853Z] CLI Version:   12.5.2
[debug] [2023-08-28T09:23:42.854Z] Platform:      win32
[debug] [2023-08-28T09:23:42.854Z] Node Version:  v19.9.0
[debug] [2023-08-28T09:23:42.854Z] Time:          Mon Aug 28 2023 14:53:42 GMT+0530 (India Standard Time)
[debug] [2023-08-28T09:23:42.854Z] ----------------------------------------------------------------------
[debug] 
[debug] [2023-08-28T09:23:42.952Z] > command requires scopes: ["email","openid","https://www.googleapis.com/auth/cloudplatformprojects.readonly","https://www.googleapis.com/auth/firebase","https://www.googleapis.com/auth/cloud-platform"]
[debug] [2023-08-28T09:23:42.953Z] > authorizing via signed-in user (rodarshanr@gmail.com)
[info] 
     ######## #### ########  ######## ########     ###     ######  ########
     ##        ##  ##     ## ##       ##     ##  ##   ##  ##       ##
     ######    ##  ########  ######   ########  #########  ######  ######
     ##        ##  ##    ##  ##       ##     ## ##     ##       ## ##
     ##       #### ##     ## ######## ########  ##     ##  ######  ########

You're about to initialize a Firebase project in this directory:

  E:\Coding\React\Movflix\movflix-app

Before we get started, keep in mind:

  * You are initializing within an existing Firebase project directory

